g:\libimobiledevice-vs\idevicerestore\release\vc141.pdb
g:\libimobiledevice-vs\idevicerestore\release\restore.obj
g:\libimobiledevice-vs\idevicerestore\release\recovery.obj
g:\libimobiledevice-vs\idevicerestore\release\normal.obj
g:\libimobiledevice-vs\idevicerestore\release\mbn.obj
g:\libimobiledevice-vs\idevicerestore\release\locking.obj
g:\libimobiledevice-vs\idevicerestore\release\limera1n.obj
g:\libimobiledevice-vs\idevicerestore\release\ipsw.obj
g:\libimobiledevice-vs\idevicerestore\release\img4.obj
g:\libimobiledevice-vs\idevicerestore\release\img3.obj
g:\libimobiledevice-vs\idevicerestore\release\idevicerestore.obj
g:\libimobiledevice-vs\idevicerestore\release\getopt.obj
g:\libimobiledevice-vs\idevicerestore\release\ftab.obj
g:\libimobiledevice-vs\idevicerestore\release\fls.obj
g:\libimobiledevice-vs\idevicerestore\release\fdr.obj
g:\libimobiledevice-vs\idevicerestore\release\download.obj
g:\libimobiledevice-vs\idevicerestore\release\dfu.obj
g:\libimobiledevice-vs\idevicerestore\release\common.obj
g:\libimobiledevice-vs\idevicerestore\release\asr.obj
g:\libimobiledevice-vs\idevicerestore\release\ace3.obj
g:\libimobiledevice-vs\idevicerestore\release\libgen.obj
g:\libimobiledevice-vs\release\idevicerestore.ipdb
g:\libimobiledevice-vs\release\idevicerestore.iobj
g:\libimobiledevice-vs\release\idevicerestore.exe
g:\libimobiledevice-vs\release\idevicerestore.pdb
g:\libimobiledevice-vs\idevicerestore\release\idevicerestore.tlog\cl.command.1.tlog
g:\libimobiledevice-vs\idevicerestore\release\idevicerestore.tlog\cl.read.1.tlog
g:\libimobiledevice-vs\idevicerestore\release\idevicerestore.tlog\cl.write.1.tlog
g:\libimobiledevice-vs\idevicerestore\release\idevicerestore.tlog\idevicerestore.write.1u.tlog
g:\libimobiledevice-vs\idevicerestore\release\idevicerestore.tlog\link.command.1.tlog
g:\libimobiledevice-vs\idevicerestore\release\idevicerestore.tlog\link.read.1.tlog
g:\libimobiledevice-vs\idevicerestore\release\idevicerestore.tlog\link.write.1.tlog
