  asr.c
g:\libimobiledevice-vs\idevicerestore\idevicerestore\src\asr.c(310): warning C4244: “函数”: 从“uint64_t”转换到“size_t”，可能丢失数据
g:\libimobiledevice-vs\idevicerestore\idevicerestore\src\asr.c(321): warning C4244: “函数”: 从“uint64_t”转换到“size_t”，可能丢失数据
g:\libimobiledevice-vs\idevicerestore\idevicerestore\src\asr.c(328): warning C4244: “函数”: 从“uint64_t”转换到“uint32_t”，可能丢失数据
g:\libimobiledevice-vs\idevicerestore\idevicerestore\src\asr.c(355): warning C4244: “=”: 从“uint64_t”转换到“uint32_t”，可能丢失数据
  common.c
g:\libimobiledevice-vs\idevicerestore\idevicerestore\src\common.c(285): warning C4244: “函数”: 从“time_t”转换到“unsigned int”，可能丢失数据
g:\libimobiledevice-vs\idevicerestore\idevicerestore\src\common.c(304): warning C4133: “函数”: 从“const char *”到“LPCWSTR”的类型不兼容
  idevicerestore.c
g:\libimobiledevice-vs\libimobiledevice\libimobiledevice\include\libimobiledevice\lockdown.h : warning C4819: 该文件包含不能在当前代码页(936)中表示的字符。请将该文件保存为 Unicode 格式以防止数据丢失
g:\libimobiledevice-vs\idevicerestore\idevicerestore\src\idevicerestore.c(2061): warning C4018: “<”: 有符号/无符号不匹配
g:\libimobiledevice-vs\idevicerestore\idevicerestore\src\idevicerestore.c(2112): warning C4018: “<”: 有符号/无符号不匹配
  ipsw.c
g:\libimobiledevice-vs\idevicerestore\idevicerestore\src\ipsw.c(148): warning C4129: “e”: 不可识别的字符转义序列
g:\libimobiledevice-vs\idevicerestore\idevicerestore\src\ipsw.c(151): warning C4129: “e”: 不可识别的字符转义序列
g:\libimobiledevice-vs\idevicerestore\idevicerestore\src\ipsw.c(163): warning C4129: “e”: 不可识别的字符转义序列
g:\libimobiledevice-vs\idevicerestore\idevicerestore\src\ipsw.c(172): warning C4129: “e”: 不可识别的字符转义序列
g:\libimobiledevice-vs\idevicerestore\idevicerestore\src\ipsw.c(239): warning C4129: “e”: 不可识别的字符转义序列
g:\libimobiledevice-vs\idevicerestore\idevicerestore\src\ipsw.c(294): warning C4129: “e”: 不可识别的字符转义序列
g:\libimobiledevice-vs\idevicerestore\idevicerestore\src\ipsw.c(297): warning C4129: “e”: 不可识别的字符转义序列
g:\libimobiledevice-vs\idevicerestore\idevicerestore\src\ipsw.c(374): warning C4244: “初始化”: 从“zip_int64_t”转换到“int”，可能丢失数据
g:\libimobiledevice-vs\idevicerestore\idevicerestore\src\ipsw.c(479): warning C4244: “=”: 从“uint64_t”转换到“int”，可能丢失数据
g:\libimobiledevice-vs\idevicerestore\idevicerestore\src\ipsw.c(480): warning C4244: “=”: 从“zip_int64_t”转换到“int”，可能丢失数据
g:\libimobiledevice-vs\idevicerestore\idevicerestore\src\ipsw.c(484): warning C4020: “zip_file_get_error”: 实参太多
g:\libimobiledevice-vs\idevicerestore\idevicerestore\src\ipsw.c(515): warning C4013: “realpath”未定义；假设外部返回 int
g:\libimobiledevice-vs\idevicerestore\idevicerestore\src\ipsw.c(429): warning C4244: “初始化”: 从“zip_int64_t”转换到“int”，可能丢失数据
g:\libimobiledevice-vs\idevicerestore\idevicerestore\src\ipsw.c(615): warning C4244: “初始化”: 从“zip_int64_t”转换到“int”，可能丢失数据
g:\libimobiledevice-vs\idevicerestore\idevicerestore\src\ipsw.c(676): warning C4244: “=”: 从“zip_uint64_t”转换到“size_t”，可能丢失数据
g:\libimobiledevice-vs\idevicerestore\idevicerestore\src\ipsw.c(693): warning C4020: “zip_file_get_error”: 实参太多
g:\libimobiledevice-vs\idevicerestore\idevicerestore\src\ipsw.c(651): warning C4244: “初始化”: 从“zip_int64_t”转换到“int”，可能丢失数据
g:\libimobiledevice-vs\idevicerestore\idevicerestore\src\ipsw.c(809): warning C4244: “=”: 从“zip_uint64_t”转换到“size_t”，可能丢失数据
g:\libimobiledevice-vs\idevicerestore\idevicerestore\src\ipsw.c(821): warning C4018: “>”: 有符号/无符号不匹配
g:\libimobiledevice-vs\idevicerestore\idevicerestore\src\ipsw.c(831): warning C4244: “函数”: 从“zip_int64_t”转换到“size_t”，可能丢失数据
g:\libimobiledevice-vs\idevicerestore\idevicerestore\src\ipsw.c(835): warning C4244: “+=”: 从“zip_int64_t”转换到“size_t”，可能丢失数据
g:\libimobiledevice-vs\idevicerestore\idevicerestore\src\ipsw.c(885): warning C4018: “>”: 有符号/无符号不匹配
g:\libimobiledevice-vs\idevicerestore\idevicerestore\src\ipsw.c(784): warning C4244: “初始化”: 从“zip_int64_t”转换到“int”，可能丢失数据
g:\libimobiledevice-vs\idevicerestore\idevicerestore\src\ipsw.c(1063): warning C4244: “=”: 从“int64_t”转换到“_ino_t”，可能丢失数据
g:\libimobiledevice-vs\idevicerestore\idevicerestore\src\ipsw.c(1066): warning C4244: “=”: 从“zip_uint64_t”转换到“_off_t”，可能丢失数据
  restore.c
g:\libimobiledevice-vs\libimobiledevice\libimobiledevice\include\libimobiledevice\lockdown.h : warning C4819: 该文件包含不能在当前代码页(936)中表示的字符。请将该文件保存为 Unicode 格式以防止数据丢失
g:\libimobiledevice-vs\idevicerestore\idevicerestore\src\restore.c(667): warning C4244: “初始化”: 从“uint64_t”转换到“uint16_t”，可能丢失数据
g:\libimobiledevice-vs\idevicerestore\idevicerestore\src\restore.c(2001): warning C4244: “函数”: 从“zip_uint64_t”转换到“size_t”，可能丢失数据
g:\libimobiledevice-vs\idevicerestore\idevicerestore\src\restore.c(2017): warning C4244: “函数”: 从“zip_uint64_t”转换到“unsigned int”，可能丢失数据
g:\libimobiledevice-vs\idevicerestore\idevicerestore\src\restore.c(2024): warning C4244: “函数”: 从“zip_uint64_t”转换到“unsigned int”，可能丢失数据
g:\libimobiledevice-vs\idevicerestore\idevicerestore\src\restore.c(2054): warning C4244: “函数”: 从“uint64_t”转换到“size_t”，可能丢失数据
g:\libimobiledevice-vs\idevicerestore\idevicerestore\src\restore.c(2060): warning C4244: “函数”: 从“uint64_t”转换到“size_t”，可能丢失数据
g:\libimobiledevice-vs\idevicerestore\idevicerestore\src\restore.c(2065): warning C4244: “函数”: 从“uint64_t”转换到“size_t”，可能丢失数据
g:\libimobiledevice-vs\idevicerestore\idevicerestore\src\restore.c(2143): warning C4244: “函数”: 从“zip_uint64_t”转换到“size_t”，可能丢失数据
g:\libimobiledevice-vs\idevicerestore\idevicerestore\src\restore.c(2158): warning C4244: “函数”: 从“zip_uint64_t”转换到“unsigned int”，可能丢失数据
g:\libimobiledevice-vs\idevicerestore\idevicerestore\src\restore.c(2179): warning C4244: “函数”: 从“uint64_t”转换到“size_t”，可能丢失数据
g:\libimobiledevice-vs\idevicerestore\idevicerestore\src\restore.c(2184): warning C4244: “函数”: 从“uint64_t”转换到“size_t”，可能丢失数据
g:\libimobiledevice-vs\idevicerestore\idevicerestore\src\restore.c(3917): warning C4244: “函数”: 从“time_t”转换到“int”，可能丢失数据
g:\libimobiledevice-vs\idevicerestore\idevicerestore\src\restore.c(4179): warning C4552: ”+“: 未使用表达式结果
g:\libimobiledevice-vs\idevicerestore\idevicerestore\src\restore.c(4299): warning C4244: “函数”: 从“int64_t”转换到“size_t”，可能丢失数据
g:\libimobiledevice-vs\idevicerestore\idevicerestore\src\restore.c(4309): warning C4244: “函数”: 从“int64_t”转换到“size_t”，可能丢失数据
g:\libimobiledevice-vs\idevicerestore\idevicerestore\src\restore.c(4298): warning C4244: “初始化”: 从“int64_t”转换到“int”，可能丢失数据
  正在生成代码
  7 of 289 functions ( 2.4%) were compiled, the rest were copied from previous compilation.
    1 functions were new in current compilation
    2 functions had inline decision re-evaluated but remain unchanged
  已完成代码的生成
  idevicerestore.vcxproj -> G:\libimobiledevice-vs\Release\idevicerestore.exe
