g:\libimobiledevice-vs\libimobiledevice\release\vc141.pdb
g:\libimobiledevice-vs\libimobiledevice\release\mobilebackup2.obj
g:\libimobiledevice-vs\libimobiledevice\release\mobilebackup.obj
g:\libimobiledevice-vs\libimobiledevice\release\mobileactivation.obj
g:\libimobiledevice-vs\libimobiledevice\release\mobile_image_mounter.obj
g:\libimobiledevice-vs\libimobiledevice\release\misagent.obj
g:\libimobiledevice-vs\libimobiledevice\release\lockdown.obj
g:\libimobiledevice-vs\libimobiledevice\release\lockdown-cu.obj
g:\libimobiledevice-vs\libimobiledevice\release\installation_proxy.obj
g:\libimobiledevice-vs\libimobiledevice\release\idevice.obj
g:\libimobiledevice-vs\libimobiledevice\release\house_arrest.obj
g:\libimobiledevice-vs\libimobiledevice\release\heartbeat.obj
g:\libimobiledevice-vs\libimobiledevice\release\file_relay.obj
g:\libimobiledevice-vs\libimobiledevice\release\diagnostics_relay.obj
g:\libimobiledevice-vs\libimobiledevice\release\device_link_service.obj
g:\libimobiledevice-vs\libimobiledevice\release\debugserver.obj
g:\libimobiledevice-vs\libimobiledevice\release\companion_proxy.obj
g:\libimobiledevice-vs\libimobiledevice\release\bt_packet_logger.obj
g:\libimobiledevice-vs\libimobiledevice\release\afc.obj
g:\libimobiledevice-vs\libimobiledevice\release\userpref.obj
g:\libimobiledevice-vs\libimobiledevice\release\debug.obj
g:\libimobiledevice-vs\libimobiledevice\release\webinspector.obj
g:\libimobiledevice-vs\libimobiledevice\release\syslog_relay.obj
g:\libimobiledevice-vs\libimobiledevice\release\service.obj
g:\libimobiledevice-vs\libimobiledevice\release\screenshotr.obj
g:\libimobiledevice-vs\libimobiledevice\release\sbservices.obj
g:\libimobiledevice-vs\libimobiledevice\release\reverse_proxy.obj
g:\libimobiledevice-vs\libimobiledevice\release\restore.obj
g:\libimobiledevice-vs\libimobiledevice\release\property_list_service.obj
g:\libimobiledevice-vs\libimobiledevice\release\preboard.obj
g:\libimobiledevice-vs\libimobiledevice\release\notification_proxy.obj
g:\libimobiledevice-vs\libimobiledevice\release\mobilesync.obj
g:\libimobiledevice-vs\release\libimobiledevice.lib
g:\libimobiledevice-vs\release\libimobiledevice.exp
g:\libimobiledevice-vs\release\libimobiledevice.ipdb
g:\libimobiledevice-vs\release\libimobiledevice.iobj
g:\libimobiledevice-vs\release\libimobiledevice.dll
g:\libimobiledevice-vs\release\libimobiledevice.pdb
g:\libimobiledevice-vs\libimobiledevice\release\libimobiledevice.tlog\cl.command.1.tlog
g:\libimobiledevice-vs\libimobiledevice\release\libimobiledevice.tlog\cl.read.1.tlog
g:\libimobiledevice-vs\libimobiledevice\release\libimobiledevice.tlog\cl.write.1.tlog
g:\libimobiledevice-vs\libimobiledevice\release\libimobiledevice.tlog\libimobiledevice.write.1u.tlog
g:\libimobiledevice-vs\libimobiledevice\release\libimobiledevice.tlog\link.command.1.tlog
g:\libimobiledevice-vs\libimobiledevice\release\libimobiledevice.tlog\link.read.1.tlog
g:\libimobiledevice-vs\libimobiledevice\release\libimobiledevice.tlog\link.write.1.tlog
