  debug.c
  userpref.c
g:\libimobiledevice-vs\libimobiledevice\libimobiledevice\common\userpref.c(1155): warning C4244: “函数”: 从“uint64_t”转换到“size_t”，可能丢失数据
g:\libimobiledevice-vs\libimobiledevice\libimobiledevice\common\userpref.c(1156): warning C4244: “函数”: 从“uint64_t”转换到“size_t”，可能丢失数据
g:\libimobiledevice-vs\libimobiledevice\libimobiledevice\common\userpref.c(1158): warning C4244: “=”: 从“uint64_t”转换到“unsigned int”，可能丢失数据
  afc.c
g:\libimobiledevice-vs\libimobiledevice\libimobiledevice\include\libimobiledevice\lockdown.h : warning C4819: 该文件包含不能在当前代码页(936)中表示的字符。请将该文件保存为 Unicode 格式以防止数据丢失
g:\libimobiledevice-vs\libimobiledevice\libimobiledevice\src\afc.c(124): warning C4133: “函数”: 从“afc_error_t *”到“int32_t *”的类型不兼容
  bt_packet_logger.c
g:\libimobiledevice-vs\libimobiledevice\libimobiledevice\include\libimobiledevice\lockdown.h : warning C4819: 该文件包含不能在当前代码页(936)中表示的字符。请将该文件保存为 Unicode 格式以防止数据丢失
g:\libimobiledevice-vs\libimobiledevice\libimobiledevice\src\bt_packet_logger.c(101): warning C4133: “函数”: 从“bt_packet_logger_error_t *”到“int32_t *”的类型不兼容
  companion_proxy.c
g:\libimobiledevice-vs\libimobiledevice\libimobiledevice\include\libimobiledevice\lockdown.h : warning C4819: 该文件包含不能在当前代码页(936)中表示的字符。请将该文件保存为 Unicode 格式以防止数据丢失
g:\libimobiledevice-vs\libimobiledevice\libimobiledevice\src\companion_proxy.c(96): warning C4133: “函数”: 从“companion_proxy_error_t *”到“int32_t *”的类型不兼容
  debugserver.c
g:\libimobiledevice-vs\libimobiledevice\libimobiledevice\include\libimobiledevice\lockdown.h : warning C4819: 该文件包含不能在当前代码页(936)中表示的字符。请将该文件保存为 Unicode 格式以防止数据丢失
g:\libimobiledevice-vs\libimobiledevice\libimobiledevice\src\debugserver.c(104): warning C4133: “函数”: 从“debugserver_error_t *”到“int32_t *”的类型不兼容
g:\libimobiledevice-vs\libimobiledevice\libimobiledevice\src\debugserver.c(107): warning C4133: “函数”: 从“debugserver_error_t *”到“int32_t *”的类型不兼容
  device_link_service.c
g:\libimobiledevice-vs\libimobiledevice\libimobiledevice\include\libimobiledevice\lockdown.h : warning C4819: 该文件包含不能在当前代码页(936)中表示的字符。请将该文件保存为 Unicode 格式以防止数据丢失
  diagnostics_relay.c
g:\libimobiledevice-vs\libimobiledevice\libimobiledevice\include\libimobiledevice\lockdown.h : warning C4819: 该文件包含不能在当前代码页(936)中表示的字符。请将该文件保存为 Unicode 格式以防止数据丢失
g:\libimobiledevice-vs\libimobiledevice\libimobiledevice\src\diagnostics_relay.c(99): warning C4133: “函数”: 从“diagnostics_relay_error_t *”到“int32_t *”的类型不兼容
  file_relay.c
g:\libimobiledevice-vs\libimobiledevice\libimobiledevice\include\libimobiledevice\lockdown.h : warning C4819: 该文件包含不能在当前代码页(936)中表示的字符。请将该文件保存为 Unicode 格式以防止数据丢失
g:\libimobiledevice-vs\libimobiledevice\libimobiledevice\src\file_relay.c(54): warning C4133: “函数”: 从“file_relay_error_t *”到“int32_t *”的类型不兼容
  heartbeat.c
g:\libimobiledevice-vs\libimobiledevice\libimobiledevice\include\libimobiledevice\lockdown.h : warning C4819: 该文件包含不能在当前代码页(936)中表示的字符。请将该文件保存为 Unicode 格式以防止数据丢失
g:\libimobiledevice-vs\libimobiledevice\libimobiledevice\src\heartbeat.c(95): warning C4133: “函数”: 从“heartbeat_error_t *”到“int32_t *”的类型不兼容
  house_arrest.c
g:\libimobiledevice-vs\libimobiledevice\libimobiledevice\include\libimobiledevice\lockdown.h : warning C4819: 该文件包含不能在当前代码页(936)中表示的字符。请将该文件保存为 Unicode 格式以防止数据丢失
g:\libimobiledevice-vs\libimobiledevice\libimobiledevice\src\house_arrest.c(84): warning C4133: “函数”: 从“house_arrest_error_t *”到“int32_t *”的类型不兼容
  idevice.c
g:\libimobiledevice-vs\libimobiledevice\libimobiledevice\include\libimobiledevice\lockdown.h : warning C4819: 该文件包含不能在当前代码页(936)中表示的字符。请将该文件保存为 Unicode 格式以防止数据丢失
  installation_proxy.c
g:\libimobiledevice-vs\libimobiledevice\libimobiledevice\include\libimobiledevice\lockdown.h : warning C4819: 该文件包含不能在当前代码页(936)中表示的字符。请将该文件保存为 Unicode 格式以防止数据丢失
g:\libimobiledevice-vs\libimobiledevice\libimobiledevice\src\installation_proxy.c(316): warning C4133: “函数”: 从“instproxy_error_t *”到“int32_t *”的类型不兼容
g:\libimobiledevice-vs\libimobiledevice\libimobiledevice\src\installation_proxy.c(625): warning C4244: “函数”: 从“uint64_t”转换到“uint32_t”，可能丢失数据
g:\libimobiledevice-vs\libimobiledevice\libimobiledevice\src\installation_proxy.c(936): warning C4244: “=”: 从“uint64_t”转换到“int”，可能丢失数据
  lockdown-cu.c
g:\libimobiledevice-vs\libimobiledevice\libimobiledevice\include\libimobiledevice\lockdown.h : warning C4819: 该文件包含不能在当前代码页(936)中表示的字符。请将该文件保存为 Unicode 格式以防止数据丢失
  lockdown.c
g:\libimobiledevice-vs\libimobiledevice\libimobiledevice\include\libimobiledevice\lockdown.h : warning C4819: 该文件包含不能在当前代码页(936)中表示的字符。请将该文件保存为 Unicode 格式以防止数据丢失
g:\libimobiledevice-vs\libimobiledevice\libimobiledevice\src\lockdown.c(595): warning C4244: “=”: 从“uint64_t”转换到“unsigned int”，可能丢失数据
g:\libimobiledevice-vs\libimobiledevice\libimobiledevice\src\lockdown.c(1395): warning C4244: “=”: 从“uint64_t”转换到“uint16_t”，可能丢失数据
  misagent.c
g:\libimobiledevice-vs\libimobiledevice\libimobiledevice\include\libimobiledevice\lockdown.h : warning C4819: 该文件包含不能在当前代码页(936)中表示的字符。请将该文件保存为 Unicode 格式以防止数据丢失
g:\libimobiledevice-vs\libimobiledevice\libimobiledevice\src\misagent.c(115): warning C4133: “函数”: 从“misagent_error_t *”到“int32_t *”的类型不兼容
  mobileactivation.c
g:\libimobiledevice-vs\libimobiledevice\libimobiledevice\include\libimobiledevice\lockdown.h : warning C4819: 该文件包含不能在当前代码页(936)中表示的字符。请将该文件保存为 Unicode 格式以防止数据丢失
g:\libimobiledevice-vs\libimobiledevice\libimobiledevice\src\mobileactivation.c(80): warning C4133: “函数”: 从“mobileactivation_error_t *”到“int32_t *”的类型不兼容
  mobilebackup.c
g:\libimobiledevice-vs\libimobiledevice\libimobiledevice\include\libimobiledevice\lockdown.h : warning C4819: 该文件包含不能在当前代码页(936)中表示的字符。请将该文件保存为 Unicode 格式以防止数据丢失
g:\libimobiledevice-vs\libimobiledevice\libimobiledevice\src\mobilebackup.c(102): warning C4133: “函数”: 从“mobilebackup_error_t *”到“int32_t *”的类型不兼容
  mobilebackup2.c
g:\libimobiledevice-vs\libimobiledevice\libimobiledevice\include\libimobiledevice\lockdown.h : warning C4819: 该文件包含不能在当前代码页(936)中表示的字符。请将该文件保存为 Unicode 格式以防止数据丢失
g:\libimobiledevice-vs\libimobiledevice\libimobiledevice\src\mobilebackup2.c(102): warning C4133: “函数”: 从“mobilebackup2_error_t *”到“int32_t *”的类型不兼容
  mobilesync.c
g:\libimobiledevice-vs\libimobiledevice\libimobiledevice\include\libimobiledevice\lockdown.h : warning C4819: 该文件包含不能在当前代码页(936)中表示的字符。请将该文件保存为 Unicode 格式以防止数据丢失
g:\libimobiledevice-vs\libimobiledevice\libimobiledevice\src\mobilesync.c(107): warning C4133: “函数”: 从“mobilesync_error_t *”到“int32_t *”的类型不兼容
  正在编译...
  mobile_image_mounter.c
g:\libimobiledevice-vs\libimobiledevice\libimobiledevice\include\libimobiledevice\lockdown.h : warning C4819: 该文件包含不能在当前代码页(936)中表示的字符。请将该文件保存为 Unicode 格式以防止数据丢失
g:\libimobiledevice-vs\libimobiledevice\libimobiledevice\src\mobile_image_mounter.c(105): warning C4133: “函数”: 从“mobile_image_mounter_error_t *”到“int32_t *”的类型不兼容
  notification_proxy.c
g:\libimobiledevice-vs\libimobiledevice\libimobiledevice\include\libimobiledevice\lockdown.h : warning C4819: 该文件包含不能在当前代码页(936)中表示的字符。请将该文件保存为 Unicode 格式以防止数据丢失
g:\libimobiledevice-vs\libimobiledevice\libimobiledevice\src\notification_proxy.c(117): warning C4133: “函数”: 从“np_error_t *”到“int32_t *”的类型不兼容
  preboard.c
g:\libimobiledevice-vs\libimobiledevice\libimobiledevice\include\libimobiledevice\lockdown.h : warning C4819: 该文件包含不能在当前代码页(936)中表示的字符。请将该文件保存为 Unicode 格式以防止数据丢失
g:\libimobiledevice-vs\libimobiledevice\libimobiledevice\src\preboard.c(96): warning C4133: “函数”: 从“preboard_error_t *”到“int32_t *”的类型不兼容
  property_list_service.c
g:\libimobiledevice-vs\libimobiledevice\libimobiledevice\include\libimobiledevice\lockdown.h : warning C4819: 该文件包含不能在当前代码页(936)中表示的字符。请将该文件保存为 Unicode 格式以防止数据丢失
  restore.c
g:\libimobiledevice-vs\libimobiledevice\libimobiledevice\include\libimobiledevice\lockdown.h : warning C4819: 该文件包含不能在当前代码页(936)中表示的字符。请将该文件保存为 Unicode 格式以防止数据丢失
  reverse_proxy.c
g:\libimobiledevice-vs\libimobiledevice\libimobiledevice\include\libimobiledevice\lockdown.h : warning C4819: 该文件包含不能在当前代码页(936)中表示的字符。请将该文件保存为 Unicode 格式以防止数据丢失
g:\libimobiledevice-vs\libimobiledevice\libimobiledevice\src\reverse_proxy.c(353): warning C4133: “函数”: 从“reverse_proxy_error_t *”到“int32_t *”的类型不兼容
g:\libimobiledevice-vs\libimobiledevice\libimobiledevice\src\reverse_proxy.c(613): warning C4133: “函数”: 从“reverse_proxy_error_t *”到“int32_t *”的类型不兼容
  sbservices.c
g:\libimobiledevice-vs\libimobiledevice\libimobiledevice\include\libimobiledevice\lockdown.h : warning C4819: 该文件包含不能在当前代码页(936)中表示的字符。请将该文件保存为 Unicode 格式以防止数据丢失
g:\libimobiledevice-vs\libimobiledevice\libimobiledevice\src\sbservices.c(105): warning C4133: “函数”: 从“sbservices_error_t *”到“int32_t *”的类型不兼容
  screenshotr.c
g:\libimobiledevice-vs\libimobiledevice\libimobiledevice\include\libimobiledevice\lockdown.h : warning C4819: 该文件包含不能在当前代码页(936)中表示的字符。请将该文件保存为 Unicode 格式以防止数据丢失
g:\libimobiledevice-vs\libimobiledevice\libimobiledevice\src\screenshotr.c(99): warning C4133: “函数”: 从“screenshotr_error_t *”到“int32_t *”的类型不兼容
  service.c
g:\libimobiledevice-vs\libimobiledevice\libimobiledevice\include\libimobiledevice\lockdown.h : warning C4819: 该文件包含不能在当前代码页(936)中表示的字符。请将该文件保存为 Unicode 格式以防止数据丢失
  syslog_relay.c
g:\libimobiledevice-vs\libimobiledevice\libimobiledevice\include\libimobiledevice\lockdown.h : warning C4819: 该文件包含不能在当前代码页(936)中表示的字符。请将该文件保存为 Unicode 格式以防止数据丢失
g:\libimobiledevice-vs\libimobiledevice\libimobiledevice\src\syslog_relay.c(101): warning C4133: “函数”: 从“syslog_relay_error_t *”到“int32_t *”的类型不兼容
  webinspector.c
g:\libimobiledevice-vs\libimobiledevice\libimobiledevice\include\libimobiledevice\lockdown.h : warning C4819: 该文件包含不能在当前代码页(936)中表示的字符。请将该文件保存为 Unicode 格式以防止数据丢失
g:\libimobiledevice-vs\libimobiledevice\libimobiledevice\src\webinspector.c(95): warning C4133: “函数”: 从“webinspector_error_t *”到“int32_t *”的类型不兼容
g:\libimobiledevice-vs\libimobiledevice\libimobiledevice\src\webinspector.c(223): warning C4244: “函数”: 从“uint64_t”转换到“size_t”，可能丢失数据
g:\libimobiledevice-vs\libimobiledevice\libimobiledevice\src\webinspector.c(225): warning C4244: “函数”: 从“uint64_t”转换到“size_t”，可能丢失数据
g:\libimobiledevice-vs\libimobiledevice\libimobiledevice\src\webinspector.c(230): warning C4244: “函数”: 从“uint64_t”转换到“size_t”，可能丢失数据
    正在创建库 G:\libimobiledevice-vs\Release\libimobiledevice.lib 和对象 G:\libimobiledevice-vs\Release\libimobiledevice.exp
  正在生成代码
  All 482 functions were compiled because no usable IPDB/IOBJ from previous compilation was found.
  已完成代码的生成
  libimobiledevice.vcxproj -> G:\libimobiledevice-vs\Release\libimobiledevice.dll
