g:\libimobiledevice-vs\libimobiledevice-glue\release\vc141.pdb
g:\libimobiledevice-vs\libimobiledevice-glue\release\utils.obj
g:\libimobiledevice-vs\libimobiledevice-glue\release\tlv.obj
g:\libimobiledevice-vs\libimobiledevice-glue\release\thread.obj
g:\libimobiledevice-vs\libimobiledevice-glue\release\termcolors.obj
g:\libimobiledevice-vs\libimobiledevice-glue\release\socket.obj
g:\libimobiledevice-vs\libimobiledevice-glue\release\sha512.obj
g:\libimobiledevice-vs\libimobiledevice-glue\release\sha256.obj
g:\libimobiledevice-vs\libimobiledevice-glue\release\sha1.obj
g:\libimobiledevice-vs\libimobiledevice-glue\release\opack.obj
g:\libimobiledevice-vs\libimobiledevice-glue\release\nskeyedarchive.obj
g:\libimobiledevice-vs\libimobiledevice-glue\release\glue.obj
g:\libimobiledevice-vs\libimobiledevice-glue\release\collection.obj
g:\libimobiledevice-vs\libimobiledevice-glue\release\cbuf.obj
g:\libimobiledevice-vs\release\libimobiledevice-glue.lib
g:\libimobiledevice-vs\release\libimobiledevice-glue.exp
g:\libimobiledevice-vs\release\libimobiledevice-glue.ipdb
g:\libimobiledevice-vs\release\libimobiledevice-glue.iobj
g:\libimobiledevice-vs\release\libimobiledevice-glue.dll
g:\libimobiledevice-vs\release\libimobiledevice-glue.pdb
g:\libimobiledevice-vs\libimobiledevice-glue\release\libimobi.39f8b336.tlog\cl.command.1.tlog
g:\libimobiledevice-vs\libimobiledevice-glue\release\libimobi.39f8b336.tlog\cl.read.1.tlog
g:\libimobiledevice-vs\libimobiledevice-glue\release\libimobi.39f8b336.tlog\cl.write.1.tlog
g:\libimobiledevice-vs\libimobiledevice-glue\release\libimobi.39f8b336.tlog\libimobiledevice-glue.write.1u.tlog
g:\libimobiledevice-vs\libimobiledevice-glue\release\libimobi.39f8b336.tlog\link.command.1.tlog
g:\libimobiledevice-vs\libimobiledevice-glue\release\libimobi.39f8b336.tlog\link.read.1.tlog
g:\libimobiledevice-vs\libimobiledevice-glue\release\libimobi.39f8b336.tlog\link.write.1.tlog
