  node.c
  node_list.c
  Array.cpp
  Boolean.cpp
  Data.cpp
  Date.cpp
  Dictionary.cpp
  Integer.cpp
  Key.cpp
  Node.cpp
  Real.cpp
  String.cpp
  Structure.cpp
  Uid.cpp
  base64.c
  bplist.c
  bytearray.c
  hashtable.c
  jplist.c
g:\libimobiledevice-vs\libplist\libplist\src\jplist.c(75): warning C4068: 未知的杂注
g:\libimobiledevice-vs\libplist\libplist\src\jplist.c(76): warning C4068: 未知的杂注
g:\libimobiledevice-vs\libplist\libplist\src\jplist.c(86): warning C4068: 未知的杂注
  jsmn.c
  oplist.c
g:\libimobiledevice-vs\libplist\libplist\src\oplist.c(74): warning C4068: 未知的杂注
g:\libimobiledevice-vs\libplist\libplist\src\oplist.c(75): warning C4068: 未知的杂注
g:\libimobiledevice-vs\libplist\libplist\src\oplist.c(85): warning C4068: 未知的杂注
  out-default.c
  out-limd.c
  out-plutil.c
  plist.c
  ptrarray.c
  time64.c
g:\libimobiledevice-vs\libplist\libplist\src\time64.c(231): warning C4244: “=”: 从“Year”转换到“int”，可能丢失数据
g:\libimobiledevice-vs\libplist\libplist\src\time64.c(489): warning C4244: “=”: 从“Year”转换到“int”，可能丢失数据
g:\libimobiledevice-vs\libplist\libplist\src\time64.c(494): warning C4244: “=”: 从“Year”转换到“int”，可能丢失数据
g:\libimobiledevice-vs\libplist\libplist\src\time64.c(650): warning C4244: “=”: 从“Year”转换到“int”，可能丢失数据
g:\libimobiledevice-vs\libplist\libplist\src\time64.c(720): warning C4244: “=”: 从“Year”转换到“int”，可能丢失数据
  xplist.c
g:\libimobiledevice-vs\libplist\libplist\src\xplist.c(1228): warning C4146: 一元负运算符应用于无符号类型，结果仍为无符号类型
    正在创建库 G:\libimobiledevice-vs\Release\libplist.lib 和对象 G:\libimobiledevice-vs\Release\libplist.exp
  正在生成代码
  All 687 functions were compiled because no usable IPDB/IOBJ from previous compilation was found.
  已完成代码的生成
  libplist.vcxproj -> G:\libimobiledevice-vs\Release\libplist.dll
