g:\libimobiledevice-vs\libplist\release\vc141.pdb
g:\libimobiledevice-vs\libplist\release\libplist\libcnary\node_list.obj
g:\libimobiledevice-vs\libplist\release\libplist\libcnary\node.obj
g:\libimobiledevice-vs\libplist\release\libplist\src\xplist.obj
g:\libimobiledevice-vs\libplist\release\libplist\src\time64.obj
g:\libimobiledevice-vs\libplist\release\libplist\src\ptrarray.obj
g:\libimobiledevice-vs\libplist\release\libplist\src\plist.obj
g:\libimobiledevice-vs\libplist\release\libplist\src\out-plutil.obj
g:\libimobiledevice-vs\libplist\release\libplist\src\out-limd.obj
g:\libimobiledevice-vs\libplist\release\libplist\src\out-default.obj
g:\libimobiledevice-vs\libplist\release\libplist\src\oplist.obj
g:\libimobiledevice-vs\libplist\release\libplist\src\jsmn.obj
g:\libimobiledevice-vs\libplist\release\libplist\src\jplist.obj
g:\libimobiledevice-vs\libplist\release\libplist\src\hashtable.obj
g:\libimobiledevice-vs\libplist\release\libplist\src\bytearray.obj
g:\libimobiledevice-vs\libplist\release\libplist\src\bplist.obj
g:\libimobiledevice-vs\libplist\release\libplist\src\base64.obj
g:\libimobiledevice-vs\libplist\release\libplist\src\uid.obj
g:\libimobiledevice-vs\libplist\release\libplist\src\structure.obj
g:\libimobiledevice-vs\libplist\release\libplist\src\string.obj
g:\libimobiledevice-vs\libplist\release\libplist\src\real.obj
g:\libimobiledevice-vs\libplist\release\libplist\src\node.obj
g:\libimobiledevice-vs\libplist\release\libplist\src\key.obj
g:\libimobiledevice-vs\libplist\release\libplist\src\integer.obj
g:\libimobiledevice-vs\libplist\release\libplist\src\dictionary.obj
g:\libimobiledevice-vs\libplist\release\libplist\src\date.obj
g:\libimobiledevice-vs\libplist\release\libplist\src\data.obj
g:\libimobiledevice-vs\libplist\release\libplist\src\boolean.obj
g:\libimobiledevice-vs\libplist\release\libplist\src\array.obj
g:\libimobiledevice-vs\release\libplist.lib
g:\libimobiledevice-vs\release\libplist.exp
g:\libimobiledevice-vs\release\libplist.ipdb
g:\libimobiledevice-vs\release\libplist.iobj
g:\libimobiledevice-vs\release\libplist.dll
g:\libimobiledevice-vs\release\libplist.pdb
g:\libimobiledevice-vs\libplist\release\libplist.tlog\cl.command.1.tlog
g:\libimobiledevice-vs\libplist\release\libplist.tlog\cl.read.1.tlog
g:\libimobiledevice-vs\libplist\release\libplist.tlog\cl.write.1.tlog
g:\libimobiledevice-vs\libplist\release\libplist.tlog\libplist.write.1u.tlog
g:\libimobiledevice-vs\libplist\release\libplist.tlog\link.command.1.tlog
g:\libimobiledevice-vs\libplist\release\libplist.tlog\link.read.1.tlog
g:\libimobiledevice-vs\libplist\release\libplist.tlog\link.write.1.tlog
